
  .   ____          _            __ _ _
 /\\ / ___'_ __ _ _(_)_ __  __ _ \ \ \ \
( ( )\___ | '_ | '_| | '_ \/ _` | \ \ \ \
 \\/  ___)| |_)| | | | | || (_| |  ) ) ) )
  '  |____| .__|_| |_|_| |_\__, | / / / /
 =========|_|==============|___/=/_/_/_/

 :: Spring Boot ::                (v3.5.0)

2025-12-27T23:38:55.089+07:00  INFO 1912 --- [           main] com.course.Application                   : Starting Application v0.0.1-SNAPSHOT using Java 21 with PID 1912 (/Users/macbook/Documents/Year4/javaXspringBoot/Project_maven/Project-3-Course-Enrollment-and-Classroom-Scheduling-System/target/course-enrollment-system-0.0.1-SNAPSHOT.jar started by macbook in /Users/macbook/Documents/Year4/javaXspringBoot/Project_maven/Project-3-Course-Enrollment-and-Classroom-Scheduling-System)
2025-12-27T23:38:55.091+07:00  INFO 1912 --- [           main] com.course.Application                   : No active profile set, falling back to 1 default profile: "default"
2025-12-27T23:38:55.644+07:00  INFO 1912 --- [           main] .s.d.r.c.RepositoryConfigurationDelegate : Bootstrapping Spring Data JPA repositories in DEFAULT mode.
2025-12-27T23:38:55.678+07:00  INFO 1912 --- [           main] .s.d.r.c.RepositoryConfigurationDelegate : Finished Spring Data repository scanning in 29 ms. Found 12 JPA repository interfaces.
2025-12-27T23:38:55.943+07:00  INFO 1912 --- [           main] o.s.b.w.embedded.tomcat.TomcatWebServer  : Tomcat initialized with port 8080 (http)
2025-12-27T23:38:55.952+07:00  INFO 1912 --- [           main] o.apache.catalina.core.StandardService   : Starting service [Tomcat]
2025-12-27T23:38:55.952+07:00  INFO 1912 --- [           main] o.apache.catalina.core.StandardEngine    : Starting Servlet engine: [Apache Tomcat/10.1.41]
2025-12-27T23:38:55.967+07:00  INFO 1912 --- [           main] o.a.c.c.C.[Tomcat].[localhost].[/]       : Initializing Spring embedded WebApplicationContext
2025-12-27T23:38:55.967+07:00  INFO 1912 --- [           main] w.s.c.ServletWebServerApplicationContext : Root WebApplicationContext: initialization completed in 703 ms
2025-12-27T23:38:56.115+07:00  INFO 1912 --- [           main] com.zaxxer.hikari.HikariDataSource       : HikariPool-1 - Starting...
2025-12-27T23:38:57.237+07:00  INFO 1912 --- [           main] com.zaxxer.hikari.pool.HikariPool        : HikariPool-1 - Added connection com.mysql.cj.jdbc.ConnectionImpl@504b8705
2025-12-27T23:38:57.241+07:00  INFO 1912 --- [           main] com.zaxxer.hikari.HikariDataSource       : HikariPool-1 - Start completed.
2025-12-27T23:38:57.624+07:00  INFO 1912 --- [           main] org.flywaydb.core.FlywayExecutor         : Database: jdbc:mysql://100.66.138.23:3306/enrollment_db?useSSL=false&serverTimezone=UTC&allowPublicKeyRetrieval=true (MySQL 8.0)
2025-12-27T23:38:59.684+07:00  INFO 1912 --- [           main] o.f.core.internal.command.DbValidate     : Successfully validated 4 migrations (execution time 00:00.827s)
2025-12-27T23:39:01.252+07:00  INFO 1912 --- [           main] o.f.core.internal.command.DbMigrate      : Current version of schema `enrollment_db`: 4
2025-12-27T23:39:01.253+07:00  WARN 1912 --- [           main] o.f.core.internal.command.DbMigrate      : Schema `enrollment_db` has a version (4) that is newer than the latest available migration (3) !
2025-12-27T23:39:01.380+07:00  INFO 1912 --- [           main] o.f.core.internal.command.DbMigrate      : Schema `enrollment_db` is up to date. No migration necessary.
2025-12-27T23:39:02.190+07:00  INFO 1912 --- [           main] o.hibernate.jpa.internal.util.LogHelper  : HHH000204: Processing PersistenceUnitInfo [name: default]
2025-12-27T23:39:02.219+07:00  INFO 1912 --- [           main] org.hibernate.Version                    : HHH000412: Hibernate ORM core version 6.6.15.Final
2025-12-27T23:39:02.233+07:00  INFO 1912 --- [           main] o.h.c.internal.RegionFactoryInitiator    : HHH000026: Second-level cache disabled
2025-12-27T23:39:02.350+07:00  INFO 1912 --- [           main] o.s.o.j.p.SpringPersistenceUnitInfo      : No LoadTimeWeaver setup: ignoring JPA class transformer
2025-12-27T23:39:02.612+07:00  INFO 1912 --- [           main] org.hibernate.orm.connections.pooling    : HHH10001005: Database info:
	Database JDBC URL [Connecting through datasource 'HikariDataSource (HikariPool-1)']
	Database driver: undefined/unknown
	Database version: 8.0.44
	Autocommit mode: undefined/unknown
	Isolation level: undefined/unknown
	Minimum pool size: undefined/unknown
	Maximum pool size: undefined/unknown
2025-12-27T23:39:02.997+07:00  INFO 1912 --- [           main] o.h.e.t.j.p.i.JtaPlatformInitiator       : HHH000489: No JTA platform available (set 'hibernate.transaction.jta.platform' to enable JTA platform integration)
2025-12-27T23:39:03.394+07:00  INFO 1912 --- [           main] j.LocalContainerEntityManagerFactoryBean : Initialized JPA EntityManagerFactory for persistence unit 'default'
2025-12-27T23:39:03.553+07:00  INFO 1912 --- [           main] o.s.d.j.r.query.QueryEnhancerFactory     : Hibernate is in classpath; If applicable, HQL parser will be used.
2025-12-27T23:39:04.061+07:00  WARN 1912 --- [           main] JpaBaseConfiguration$JpaWebConfiguration : spring.jpa.open-in-view is enabled by default. Therefore, database queries may be performed during view rendering. Explicitly configure spring.jpa.open-in-view to disable this warning
2025-12-27T23:39:04.071+07:00  INFO 1912 --- [           main] o.s.b.a.w.s.WelcomePageHandlerMapping    : Adding welcome page template: index
2025-12-27T23:39:04.155+07:00  WARN 1912 --- [           main] .s.s.UserDetailsServiceAutoConfiguration : 

Using generated security password: cd008a6a-195e-43ff-a9df-599c510300b5

This generated password is for development use only. Your security configuration must be updated before running your application in production.

2025-12-27T23:39:04.160+07:00  INFO 1912 --- [           main] r$InitializeUserDetailsManagerConfigurer : Global AuthenticationManager configured with UserDetailsService bean with name inMemoryUserDetailsManager
2025-12-27T23:39:04.325+07:00  INFO 1912 --- [           main] o.s.b.w.embedded.tomcat.TomcatWebServer  : Tomcat started on port 8080 (http) with context path '/'
2025-12-27T23:39:04.334+07:00  INFO 1912 --- [           main] com.course.Application                   : Started Application in 9.532 seconds (process running for 9.821)
[STARTUP CHECK] course_offerings count = 3
[STARTUP CHECK] course_lecturers count = 5
2025-12-27T23:39:08.757+07:00  INFO 1912 --- [nio-8080-exec-1] o.a.c.c.C.[Tomcat].[localhost].[/]       : Initializing Spring DispatcherServlet 'dispatcherServlet'
2025-12-27T23:39:08.757+07:00  INFO 1912 --- [nio-8080-exec-1] o.s.web.servlet.DispatcherServlet        : Initializing Servlet 'dispatcherServlet'
2025-12-27T23:39:08.758+07:00  INFO 1912 --- [nio-8080-exec-1] o.s.web.servlet.DispatcherServlet        : Completed initialization in 1 ms
[DEBUG] getAttendanceRecordsAsDto start for scheduleId=7, lecturerId=2
Hibernate: select cs1_0.id,cs1_0.created_at,cs1_0.day_of_week,cs1_0.end_time,cs1_0.offering_id,cs1_0.room_id,cs1_0.start_time from class_schedules cs1_0 where cs1_0.id=?
Hibernate: select (count(cl1_0.id)>0) from course_lecturers cl1_0 where cl1_0.offering_id=? and cl1_0.lecturer_id=?
Hibernate: select a1_0.id,a1_0.attendance_date,a1_0.enrollment_id,a1_0.notes,a1_0.recorded_at,a1_0.recorded_by,a1_0.schedule_id,a1_0.status from attendance a1_0 left join class_schedules s1_0 on s1_0.id=a1_0.schedule_id where s1_0.id=?
Hibernate: select e1_0.id,e1_0.enrolled_at,e1_0.grade,e1_0.offering_id,o1_0.id,o1_0.is_active,o1_0.capacity,o1_0.course_id,c1_0.id,c1_0.is_active,c1_0.course_code,c1_0.created_at,c1_0.credits,c1_0.description,c1_0.enrollment_code,c1_0.title,o1_0.created_at,o1_0.term_id,t1_0.id,t1_0.is_active,t1_0.created_at,t1_0.end_date,t1_0.start_date,t1_0.term_code,t1_0.term_name,e1_0.status,e1_0.student_id,s1_0.id,s1_0.is_active,s1_0.created_at,s1_0.email,s1_0.first_name,s1_0.id_card,s1_0.last_name,s1_0.password_hash,s1_0.role_id,r1_0.id,r1_0.created_at,r1_0.role_code,r1_0.role_name,s1_0.updated_at from enrollments e1_0 join course_offerings o1_0 on o1_0.id=e1_0.offering_id join courses c1_0 on c1_0.id=o1_0.course_id join academic_terms t1_0 on t1_0.id=o1_0.term_id join users s1_0 on s1_0.id=e1_0.student_id join roles r1_0 on r1_0.id=s1_0.role_id where e1_0.id=?
[DEBUG] loaded attendance rows count=1
[DEBUG] mapped dto count=1
2025-12-27T23:41:57.973+07:00  INFO 1912 --- [ionShutdownHook] o.s.b.w.e.tomcat.GracefulShutdown        : Commencing graceful shutdown. Waiting for active requests to complete
2025-12-27T23:41:57.983+07:00  INFO 1912 --- [tomcat-shutdown] o.s.b.w.e.tomcat.GracefulShutdown        : Graceful shutdown complete
2025-12-27T23:41:57.993+07:00  INFO 1912 --- [ionShutdownHook] j.LocalContainerEntityManagerFactoryBean : Closing JPA EntityManagerFactory for persistence unit 'default'
2025-12-27T23:41:57.997+07:00  INFO 1912 --- [ionShutdownHook] com.zaxxer.hikari.HikariDataSource       : HikariPool-1 - Shutdown initiated...
2025-12-27T23:41:58.010+07:00  INFO 1912 --- [ionShutdownHook] com.zaxxer.hikari.HikariDataSource       : HikariPool-1 - Shutdown completed.
